18. Android kotlin 实现列表item点击事件出现引导(带箭头和描述)功能(RecyclerView+BRVAH3.0.6+androidx+GuideView)/MyApplication3/guideview/build/intermediates/manifest_merge_blame_file/debug/manifest-merger-blame-debug-report.txt
1<?xml version="1.0" encoding="utf-8"?>
2<manifest xmlns:android="http://schemas.android.com/apk/res/android"
3    package="com.blog.www.guideview" >
4
5    <uses-sdk
6        android:minSdkVersion="28"
6-->src\main\AndroidManifest.xml
7        android:targetSdkVersion="29" />
7-->src\main\AndroidManifest.xml
8
9</manifest>